<?xml version="1.0" encoding="UTF-8"?>
<!-- Generated by org.testng.reporters.JUnitReportReporter -->
<testsuite hostname="LAPTOP-76E14H3J" failures="0" tests="1" name="org.example.AppTest" time="0.005" errors="0" timestamp="2022-07-04T19:28:56 MESZ" skipped="0">
  <testcase classname="org.example.AppTest" name="shouldAnswerWithTrue" time="0.005"/>
  <system-out/>
</testsuite> <!-- org.example.AppTest -->
